{
  "RSpec": {
    "coverage": {
      "/Users/rtravitz/turing/module3/projects/pushpin/app/helpers/application_helper.rb": [
        1,
        1,
        2,
        1,
        null,
        1,
        null,
        null,
        null
      ],
      "/Users/rtravitz/turing/module3/projects/pushpin/app/models/message.rb": [
        1,
        1,
        1,
        null,
        1,
        1,
        1,
        null,
        null,
        null
      ],
      "/Users/rtravitz/turing/module3/projects/pushpin/app/models/application_record.rb": [
        1,
        1,
        null
      ],
      "/Users/rtravitz/turing/module3/projects/pushpin/app/models/project_skill.rb": [
        1,
        1,
        1,
        null
      ],
      "/Users/rtravitz/turing/module3/projects/pushpin/app/models/project.rb": [
        1,
        1,
        1,
        1,
        1,
        1,
        1,
        null,
        1,
        1,
        1,
        null,
        1,
        null,
        14,
        null,
        1,
        72,
        null,
        null,
        null,
        null
      ],
      "/Users/rtravitz/turing/module3/projects/pushpin/app/models/proposal.rb": [
        1,
        1,
        1,
        null,
        1,
        1,
        null,
        4,
        null,
        1,
        21,
        null,
        null,
        1,
        10,
        null,
        null
      ],
      "/Users/rtravitz/turing/module3/projects/pushpin/app/models/rating.rb": [
        1,
        1,
        1,
        null
      ],
      "/Users/rtravitz/turing/module3/projects/pushpin/app/models/role.rb": [
        1,
        1,
        1,
        null,
        1,
        null,
        1,
        17,
        null,
        null
      ],
      "/Users/rtravitz/turing/module3/projects/pushpin/app/models/skill.rb": [
        1,
        1,
        1,
        1,
        1,
        null,
        1,
        1,
        null
      ],
      "/Users/rtravitz/turing/module3/projects/pushpin/app/models/user_role.rb": [
        1,
        1,
        1,
        null
      ],
      "/Users/rtravitz/turing/module3/projects/pushpin/app/models/user_skill.rb": [
        1,
        1,
        1,
        null
      ],
      "/Users/rtravitz/turing/module3/projects/pushpin/app/models/user.rb": [
        1,
        121,
        null,
        1,
        1,
        null,
        1,
        1,
        null,
        null,
        null,
        1,
        null,
        1,
        1,
        1,
        1,
        null,
        1,
        1,
        null,
        1,
        1,
        1,
        1,
        1,
        1,
        1,
        1,
        1,
        1,
        null,
        1,
        2,
        null,
        null,
        1,
        10,
        null,
        null,
        1,
        80,
        null,
        null,
        1,
        116,
        null,
        null,
        1,
        156,
        null,
        null,
        1,
        4,
        null,
        null,
        1,
        12,
        null,
        null,
        1,
        3,
        null,
        null,
        1,
        20,
        null,
        null,
        1,
        9,
        null,
        null,
        1,
        9,
        null,
        null,
        1,
        12,
        null,
        null,
        null,
        null,
        null,
        1,
        12,
        null,
        null,
        null,
        null,
        null,
        1,
        2,
        null,
        null
      ],
      "/Users/rtravitz/turing/module3/projects/pushpin/app/controllers/application_controller.rb": [
        1,
        1,
        1,
        1,
        1,
        null,
        1,
        42,
        null,
        null,
        1,
        95,
        3,
        null,
        null,
        null,
        1,
        95,
        null,
        null
      ],
      "/Users/rtravitz/turing/module3/projects/pushpin/app/controllers/admin/dashboard_controller.rb": [
        1,
        1,
        4,
        null,
        null
      ],
      "/Users/rtravitz/turing/module3/projects/pushpin/app/services/permissions_service.rb": [
        1,
        1,
        95,
        95,
        95,
        null,
        null,
        1,
        95,
        95,
        85,
        41,
        41,
        null,
        45,
        37,
        37,
        null,
        9,
        6,
        6,
        null,
        null,
        null,
        1,
        1,
        null,
        1,
        6,
        2,
        0,
        0,
        0,
        null,
        null,
        1,
        37,
        25,
        23,
        23,
        23,
        15,
        6,
        5,
        4,
        3,
        1,
        null,
        null,
        null,
        1,
        41,
        32,
        26,
        17,
        17,
        17,
        16,
        5,
        1,
        null,
        null,
        1,
        95,
        92,
        90,
        90,
        86,
        85,
        null,
        null
      ],
      "/Users/rtravitz/turing/module3/projects/pushpin/app/controllers/admin/users_controller.rb": [
        1,
        1,
        null,
        1,
        1,
        1,
        null,
        0,
        null,
        1,
        null,
        null,
        1,
        1,
        1,
        null,
        null,
        1,
        null,
        1,
        2,
        null,
        null
      ],
      "/Users/rtravitz/turing/module3/projects/pushpin/app/controllers/home_controller.rb": [
        1,
        1,
        3,
        null,
        null
      ],
      "/Users/rtravitz/turing/module3/projects/pushpin/app/controllers/professionals_controller.rb": [
        1,
        1,
        1,
        null,
        null,
        1,
        1,
        1,
        null,
        null
      ],
      "/Users/rtravitz/turing/module3/projects/pushpin/app/controllers/requester/proposals_controller.rb": [
        1,
        1,
        null,
        1,
        1,
        1,
        1,
        1,
        1,
        1,
        null,
        null,
        1,
        null,
        null,
        null,
        1,
        10,
        10,
        null,
        null,
        1,
        null,
        1,
        10,
        null,
        null
      ],
      "/Users/rtravitz/turing/module3/projects/pushpin/app/controllers/messages_controller.rb": [
        1,
        1,
        null,
        1,
        2,
        2,
        2,
        2,
        2,
        null,
        null,
        1,
        1,
        null,
        null,
        1,
        1,
        1,
        1,
        null,
        0,
        null,
        1,
        null,
        null,
        1,
        1,
        1,
        1,
        1,
        null,
        null,
        1,
        null,
        1,
        3,
        null,
        null,
        1,
        4,
        1,
        0,
        null,
        1,
        null,
        null,
        3,
        0,
        null,
        3,
        null,
        null,
        null,
        null,
        1,
        4,
        null,
        null
      ],
      "/Users/rtravitz/turing/module3/projects/pushpin/app/controllers/professional/projects_controller.rb": [
        1,
        1,
        null,
        1,
        2,
        null,
        null,
        1,
        6,
        6,
        6,
        6,
        6,
        null,
        null,
        1,
        null,
        1,
        6,
        null,
        null
      ],
      "/Users/rtravitz/turing/module3/projects/pushpin/app/controllers/requester/projects_controller.rb": [
        1,
        1,
        null,
        1,
        1,
        1,
        null,
        null,
        1,
        1,
        1,
        1,
        1,
        1,
        null,
        0,
        0,
        null,
        null,
        null,
        1,
        4,
        4,
        1,
        null,
        4,
        4,
        4,
        4,
        null,
        null,
        1,
        0,
        0,
        0,
        null,
        null,
        1,
        null,
        null,
        null,
        1,
        null,
        1,
        1,
        null,
        null,
        1,
        4,
        null,
        null
      ],
      "/Users/rtravitz/turing/module3/projects/pushpin/app/controllers/professional/proposals_controller.rb": [
        1,
        1,
        null,
        1,
        5,
        5,
        null,
        null,
        1,
        2,
        2,
        null,
        null,
        1,
        1,
        1,
        1,
        1,
        1,
        null,
        0,
        0,
        null,
        null,
        null,
        1,
        1,
        1,
        1,
        1,
        null,
        1,
        null,
        null,
        1,
        null,
        1,
        0,
        null,
        null,
        1,
        8,
        null,
        null,
        null
      ],
      "/Users/rtravitz/turing/module3/projects/pushpin/app/controllers/professional/dashboard_controller.rb": [
        1,
        1,
        12,
        12,
        12,
        null,
        null
      ],
      "/Users/rtravitz/turing/module3/projects/pushpin/app/controllers/professional/skills_controller.rb": [
        1,
        1,
        0,
        null,
        null,
        1,
        1,
        1,
        1,
        1,
        1,
        null,
        null,
        null,
        1,
        1,
        1,
        1,
        1,
        null,
        null
      ],
      "/Users/rtravitz/turing/module3/projects/pushpin/app/controllers/professional/ratings_controller.rb": [
        1,
        null,
        1,
        1,
        1,
        0,
        0,
        null,
        1,
        1,
        1,
        null,
        null,
        null,
        null
      ],
      "/Users/rtravitz/turing/module3/projects/pushpin/app/controllers/requester/dashboard_controller.rb": [
        1,
        null,
        1,
        9,
        null,
        null
      ],
      "/Users/rtravitz/turing/module3/projects/pushpin/app/controllers/requesters_controller.rb": [
        1,
        null,
        1,
        1,
        null,
        null,
        null
      ],
      "/Users/rtravitz/turing/module3/projects/pushpin/app/controllers/skills_controller.rb": [
        1,
        1,
        1,
        null,
        null
      ],
      "/Users/rtravitz/turing/module3/projects/pushpin/app/controllers/requester/ratings_controller.rb": [
        1,
        null,
        1,
        1,
        1,
        0,
        0,
        null,
        1,
        1,
        1,
        null,
        null,
        null,
        null
      ],
      "/Users/rtravitz/turing/module3/projects/pushpin/app/controllers/users_controller.rb": [
        1,
        1,
        1,
        null,
        1,
        null,
        null,
        1,
        2,
        2,
        null,
        null,
        1,
        2,
        2,
        2,
        2,
        2,
        2,
        2,
        null,
        0,
        null,
        null,
        null,
        1,
        null,
        null,
        1,
        3,
        3,
        3,
        3,
        null,
        0,
        null,
        null,
        null,
        1,
        1,
        5,
        null,
        null,
        1,
        11,
        11,
        null,
        0,
        null,
        null,
        null,
        1,
        10,
        null,
        null
      ],
      "/Users/rtravitz/turing/module3/projects/pushpin/app/models/api_key_generator.rb": [
        1,
        null,
        1,
        5,
        null,
        null,
        null
      ],
      "/Users/rtravitz/turing/module3/projects/pushpin/app/models/code_generator.rb": [
        1,
        1,
        2,
        null,
        null
      ],
      "/Users/rtravitz/turing/module3/projects/pushpin/app/models/message_sender.rb": [
        1,
        1,
        1,
        1,
        1,
        null,
        0,
        null,
        null,
        null,
        null,
        0,
        null,
        null
      ],
      "/Users/rtravitz/turing/module3/projects/pushpin/app/controllers/api/v1/messages_controller.rb": [
        1,
        1,
        null,
        1,
        1,
        1,
        null,
        null,
        1,
        1,
        1,
        1,
        null,
        null,
        1,
        null,
        1,
        1,
        1,
        1,
        1,
        null,
        null,
        null,
        1,
        4,
        4,
        2,
        null,
        null
      ],
      "/Users/rtravitz/turing/module3/projects/pushpin/app/controllers/api_controller.rb": [
        1,
        null,
        null,
        null
      ]
    },
    "timestamp": 1482368707
  }
}
