{
  "RSpec": {
    "coverage": {
      "/Users/megantalbot/turing/3module/projects/pushpin/app/helpers/application_helper.rb": [
        1,
        1,
        0,
        0,
        null,
        0,
        null,
        null,
        null
      ],
      "/Users/megantalbot/turing/3module/projects/pushpin/app/models/user.rb": [
        1,
        22,
        null,
        1,
        1,
        null,
        1,
        1,
        null,
        null,
        null,
        1,
        null,
        1,
        1,
        1,
        1,
        null,
        1,
        1,
        null,
        1,
        1,
        1,
        1,
        1,
        1,
        1,
        1,
        1,
        1,
        null,
        1,
        0,
        null,
        null,
        1,
        0,
        null,
        null,
        1,
        16,
        null,
        null,
        1,
        19,
        null,
        null,
        1,
        35,
        null,
        null,
        1,
        0,
        null,
        null,
        1,
        12,
        null,
        null,
        1,
        3,
        null,
        null,
        1,
        2,
        null,
        null,
        1,
        4,
        null,
        null,
        1,
        4,
        null,
        null,
        1,
        1,
        null,
        null,
        null,
        null,
        null,
        1,
        1,
        null,
        null,
        null,
        null,
        null,
        1,
        2,
        null,
        null
      ],
      "/Users/megantalbot/turing/3module/projects/pushpin/app/models/application_record.rb": [
        1,
        1,
        null
      ],
      "/Users/megantalbot/turing/3module/projects/pushpin/app/models/role.rb": [
        1,
        1,
        1,
        null,
        1,
        null,
        1,
        14,
        null,
        null
      ],
      "/Users/megantalbot/turing/3module/projects/pushpin/app/models/user_role.rb": [
        1,
        1,
        1,
        null
      ],
      "/Users/megantalbot/turing/3module/projects/pushpin/app/models/project.rb": [
        1,
        1,
        1,
        1,
        1,
        1,
        1,
        null,
        1,
        1,
        1,
        null,
        1,
        null,
        5,
        null,
        1,
        10,
        null,
        null,
        null,
        null
      ],
      "/Users/megantalbot/turing/3module/projects/pushpin/app/models/proposal.rb": [
        1,
        1,
        1,
        null,
        1,
        1,
        null,
        1,
        null,
        1,
        2,
        null,
        null,
        1,
        2,
        null,
        null
      ],
      "/Users/megantalbot/turing/3module/projects/pushpin/app/controllers/application_controller.rb": [
        1,
        1,
        1,
        1,
        1,
        null,
        1,
        27,
        null,
        null,
        1,
        24,
        0,
        null,
        null,
        null,
        1,
        24,
        null,
        null
      ],
      "/Users/megantalbot/turing/3module/projects/pushpin/app/controllers/requester/dashboard_controller.rb": [
        1,
        null,
        1,
        4,
        null,
        null
      ],
      "/Users/megantalbot/turing/3module/projects/pushpin/app/services/permissions_service.rb": [
        1,
        1,
        24,
        24,
        24,
        null,
        null,
        1,
        24,
        24,
        19,
        16,
        16,
        null,
        3,
        3,
        3,
        null,
        0,
        0,
        0,
        null,
        null,
        null,
        1,
        1,
        null,
        1,
        0,
        0,
        0,
        0,
        0,
        null,
        null,
        1,
        3,
        2,
        0,
        0,
        0,
        0,
        0,
        0,
        0,
        0,
        0,
        null,
        null,
        null,
        1,
        16,
        12,
        10,
        1,
        1,
        1,
        0,
        0,
        0,
        null,
        null,
        1,
        24,
        24,
        23,
        23,
        19,
        19,
        null,
        null
      ],
      "/Users/megantalbot/turing/3module/projects/pushpin/app/controllers/requester/projects_controller.rb": [
        1,
        1,
        null,
        1,
        0,
        0,
        null,
        null,
        1,
        0,
        0,
        0,
        0,
        0,
        null,
        0,
        0,
        null,
        null,
        null,
        1,
        2,
        2,
        2,
        null,
        2,
        2,
        2,
        2,
        null,
        null,
        1,
        0,
        0,
        0,
        null,
        null,
        1,
        null,
        null,
        null,
        1,
        null,
        1,
        0,
        null,
        null,
        1,
        2,
        null,
        null
      ],
      "/Users/megantalbot/turing/3module/projects/pushpin/app/models/rating.rb": [
        1,
        1,
        1,
        null
      ],
      "/Users/megantalbot/turing/3module/projects/pushpin/app/models/message.rb": [
        1,
        1,
        1,
        null,
        1,
        0,
        0,
        null,
        null,
        null
      ],
      "/Users/megantalbot/turing/3module/projects/pushpin/app/controllers/requester/ratings_controller.rb": [
        1,
        null,
        1,
        1,
        1,
        0,
        0,
        null,
        1,
        1,
        1,
        null,
        null,
        null,
        null
      ],
      "/Users/megantalbot/turing/3module/projects/pushpin/app/controllers/professionals_controller.rb": [
        1,
        1,
        0,
        null,
        null,
        1,
        1,
        1,
        null,
        null
      ],
      "/Users/megantalbot/turing/3module/projects/pushpin/app/models/user_skill.rb": [
        1,
        1,
        1,
        null
      ],
      "/Users/megantalbot/turing/3module/projects/pushpin/app/models/skill.rb": [
        1,
        1,
        1,
        1,
        1,
        null,
        1,
        1,
        null
      ],
      "/Users/megantalbot/turing/3module/projects/pushpin/app/controllers/users_controller.rb": [
        1,
        1,
        null,
        1,
        5,
        null,
        null,
        1,
        2,
        2,
        null,
        null,
        1,
        2,
        2,
        2,
        2,
        2,
        2,
        2,
        null,
        0,
        null,
        null,
        null,
        1,
        3,
        null,
        null,
        1,
        3,
        3,
        3,
        3,
        3,
        null,
        0,
        null,
        null,
        null,
        1,
        1,
        5,
        null,
        null,
        1,
        11,
        11,
        null,
        0,
        null,
        null,
        null,
        1,
        10,
        null,
        null
      ],
      "/Users/megantalbot/turing/3module/projects/pushpin/app/models/api_key_generator.rb": [
        1,
        null,
        1,
        2,
        null,
        null,
        null
      ],
      "/Users/megantalbot/turing/3module/projects/pushpin/app/controllers/professional/dashboard_controller.rb": [
        1,
        1,
        1,
        1,
        1,
        null,
        null
      ]
    },
    "timestamp": 1482367461
  }
}
